<?xml version="1.0" encoding="UTF-8"?>
<!-- Generated by org.testng.reporters.JUnitReportReporter -->
<testsuite skipped="0" hostname="DESKTOP-UQOQGP4" name="test.BrokenLinksTest" tests="2" failures="0" timestamp="20 Feb 2020 08:41:34 GMT" time="4.104" errors="0">
  <testcase name="brokeButtonsTest" time="2.153" classname="test.BrokenLinksTest"/>
  <testcase name="brokenLinksTest" time="1.951" classname="test.BrokenLinksTest"/>
</testsuite> <!-- test.BrokenLinksTest -->
