<?xml version="1.0" encoding="UTF-8"?>
<!-- Generated by org.testng.reporters.JUnitReportReporter -->
<testsuite skipped="0" hostname="DESKTOP-UQOQGP4" name="test.NewDocTypeTests" tests="3" failures="0" timestamp="20 Feb 2020 08:41:34 GMT" time="2.496" errors="0">
  <testcase name="createNewDocTypeTest" time="1.814" classname="test.NewDocTypeTests"/>
  <testcase name="docTypeNoNameTest" time="0.466" classname="test.NewDocTypeTests"/>
  <testcase name="docTypeGroupsTest" time="0.216" classname="test.NewDocTypeTests"/>
</testsuite> <!-- test.NewDocTypeTests -->
