<?xml version="1.0" encoding="UTF-8"?>
<!-- Generated by org.testng.reporters.JUnitReportReporter -->
<testsuite skipped="0" hostname="DESKTOP-UQOQGP4" name="test.loginTests" tests="4" failures="0" timestamp="20 Feb 2020 08:41:34 GMT" time="3.173" errors="0">
  <testcase name="emptyLoginFieldsTest" time="0.477" classname="test.loginTests"/>
  <testcase name="wrongLoginTest" time="0.516" classname="test.loginTests"/>
  <testcase name="adminLoginTest" time="1.108" classname="test.loginTests"/>
  <testcase name="userLoginTest" time="1.072" classname="test.loginTests"/>
</testsuite> <!-- test.loginTests -->
