<?xml version="1.0" encoding="UTF-8"?>
<!-- Generated by org.testng.reporters.JUnitReportReporter -->
<testsuite skipped="0" hostname="GINBAKS" name="test.EditUserTests" tests="1" failures="0" timestamp="20 Feb 2020 08:30:10 GMT" time="1.044" errors="0">
  <testcase name="editUserTest" time="1.044" classname="test.EditUserTests"/>
</testsuite> <!-- test.EditUserTests -->
